Vivado Simulator v2021.1
Copyright 1986-1999, 2001-2021 Xilinx, Inc. All Rights Reserved.
Running: E:/Xilinx/Vivado/2021.1/bin/unwrapped/win64.o/xelab.exe -wto e712b508950e42c0ae8491170d26f95b --incr --debug typical --relax --mt 2 -L xil_defaultlib -L microblaze_v11_0_6 -L lmb_v10_v3_0_11 -L lmb_bram_if_cntlr_v4_0_19 -L blk_mem_gen_v8_4_4 -L axi_lite_ipif_v3_0_4 -L mdm_v3_2_21 -L lib_cdc_v1_0_2 -L proc_sys_reset_v5_0_13 -L generic_baseblocks_v2_1_0 -L axi_infrastructure_v1_1_0 -L axi_register_slice_v2_1_24 -L fifo_generator_v13_2_5 -L axi_data_fifo_v2_1_23 -L axi_crossbar_v2_1_25 -L axi_vip_v1_1_10 -L processing_system7_vip_v1_0_12 -L uvm -L xilinx_vip -L unisims_ver -L unimacro_ver -L secureip -L xpm --snapshot topsim_behav xil_defaultlib.topsim xil_defaultlib.glbl -log elaborate.log 
Using 2 slave threads.
Starting static elaboration
Pass Through NonSizing Optimizer
WARNING: [VRFC 10-3091] actual bit length 3 differs from formal bit length 6 for port 'm_axi_arprot' [G:/newCNNZ7/newCNNZ7/newCNNZ7.ip_user_files/bd/design_1/sim/design_1.v:833]
WARNING: [VRFC 10-3091] actual bit length 3 differs from formal bit length 6 for port 'm_axi_awprot' [G:/newCNNZ7/newCNNZ7/newCNNZ7.ip_user_files/bd/design_1/sim/design_1.v:837]
WARNING: [VRFC 10-3091] actual bit length 128 differs from formal bit length 64 for port 'WR_DATA_STRB' [/scratch/proj/xbuilds/SWIP/2021.1_0610_2318/infra/XSIM/lin/.cxl.ip/incl/processing_system7_vip_v1_0_12_axi_gp.v:208]
WARNING: [VRFC 10-3091] actual bit length 12 differs from formal bit length 6 for port 'm_axi_bid' [/wrk/ci/prod/2021.1/sw/continuous/3932/packages/customer/vivado/data/ip/xilinx/processing_system7_vip_v1_0/hdl/processing_system7_vip_v1_0_vl_rfs.sv:5546]
WARNING: [VRFC 10-3091] actual bit length 12 differs from formal bit length 6 for port 'm_axi_rid' [/wrk/ci/prod/2021.1/sw/continuous/3932/packages/customer/vivado/data/ip/xilinx/processing_system7_vip_v1_0/hdl/processing_system7_vip_v1_0_vl_rfs.sv:5564]
WARNING: [VRFC 10-3091] actual bit length 128 differs from formal bit length 64 for port 'WR_DATA_STRB' [/scratch/proj/xbuilds/SWIP/2021.1_0610_2318/infra/XSIM/lin/.cxl.ip/incl/processing_system7_vip_v1_0_12_axi_gp.v:292]
WARNING: [VRFC 10-3091] actual bit length 8 differs from formal bit length 9 for port 'WR_BYTES' [/scratch/proj/xbuilds/SWIP/2021.1_0610_2318/infra/XSIM/lin/.cxl.ip/incl/processing_system7_vip_v1_0_12_axi_hp.v:80]
WARNING: [VRFC 10-3091] actual bit length 8 differs from formal bit length 9 for port 'RD_BYTES' [/scratch/proj/xbuilds/SWIP/2021.1_0610_2318/infra/XSIM/lin/.cxl.ip/incl/processing_system7_vip_v1_0_12_axi_hp.v:89]
WARNING: [VRFC 10-3091] actual bit length 12 differs from formal bit length 6 for port 'm_axi_bid' [/wrk/ci/prod/2021.1/sw/continuous/3932/packages/customer/vivado/data/ip/xilinx/processing_system7_vip_v1_0/hdl/processing_system7_vip_v1_0_vl_rfs.sv:10256]
WARNING: [VRFC 10-3091] actual bit length 12 differs from formal bit length 6 for port 'm_axi_rid' [/wrk/ci/prod/2021.1/sw/continuous/3932/packages/customer/vivado/data/ip/xilinx/processing_system7_vip_v1_0/hdl/processing_system7_vip_v1_0_vl_rfs.sv:10274]
WARNING: [VRFC 10-3091] actual bit length 32 differs from formal bit length 64 for port 'm_axi_rdata' [/wrk/ci/prod/2021.1/sw/continuous/3932/packages/customer/vivado/data/ip/xilinx/processing_system7_vip_v1_0/hdl/processing_system7_vip_v1_0_vl_rfs.sv:10275]
WARNING: [VRFC 10-3091] actual bit length 8 differs from formal bit length 9 for port 'WR_BYTES' [/scratch/proj/xbuilds/SWIP/2021.1_0610_2318/infra/XSIM/lin/.cxl.ip/incl/processing_system7_vip_v1_0_12_axi_hp.v:165]
WARNING: [VRFC 10-3091] actual bit length 8 differs from formal bit length 9 for port 'RD_BYTES' [/scratch/proj/xbuilds/SWIP/2021.1_0610_2318/infra/XSIM/lin/.cxl.ip/incl/processing_system7_vip_v1_0_12_axi_hp.v:174]
WARNING: [VRFC 10-3091] actual bit length 8 differs from formal bit length 9 for port 'WR_BYTES' [/scratch/proj/xbuilds/SWIP/2021.1_0610_2318/infra/XSIM/lin/.cxl.ip/incl/processing_system7_vip_v1_0_12_axi_hp.v:251]
WARNING: [VRFC 10-3091] actual bit length 8 differs from formal bit length 9 for port 'RD_BYTES' [/scratch/proj/xbuilds/SWIP/2021.1_0610_2318/infra/XSIM/lin/.cxl.ip/incl/processing_system7_vip_v1_0_12_axi_hp.v:260]
WARNING: [VRFC 10-3091] actual bit length 8 differs from formal bit length 9 for port 'WR_BYTES' [/scratch/proj/xbuilds/SWIP/2021.1_0610_2318/infra/XSIM/lin/.cxl.ip/incl/processing_system7_vip_v1_0_12_axi_hp.v:337]
WARNING: [VRFC 10-3091] actual bit length 8 differs from formal bit length 9 for port 'RD_BYTES' [/scratch/proj/xbuilds/SWIP/2021.1_0610_2318/infra/XSIM/lin/.cxl.ip/incl/processing_system7_vip_v1_0_12_axi_hp.v:346]
WARNING: [VRFC 10-3091] actual bit length 12 differs from formal bit length 3 for port 'm_axi_bid' [/wrk/ci/prod/2021.1/sw/continuous/3932/packages/customer/vivado/data/ip/xilinx/processing_system7_vip_v1_0/hdl/processing_system7_vip_v1_0_vl_rfs.sv:7157]
WARNING: [VRFC 10-3091] actual bit length 12 differs from formal bit length 3 for port 'm_axi_rid' [/wrk/ci/prod/2021.1/sw/continuous/3932/packages/customer/vivado/data/ip/xilinx/processing_system7_vip_v1_0/hdl/processing_system7_vip_v1_0_vl_rfs.sv:7175]
WARNING: [VRFC 10-3091] actual bit length 32 differs from formal bit length 64 for port 'm_axi_rdata' [/wrk/ci/prod/2021.1/sw/continuous/3932/packages/customer/vivado/data/ip/xilinx/processing_system7_vip_v1_0/hdl/processing_system7_vip_v1_0_vl_rfs.sv:7176]
WARNING: [VRFC 10-5021] port 'interrupt' is not connected on this instance [G:/newCNNZ7/newCNNZ7/newCNNZ7.ip_user_files/bd/design_1/sim/design_1.v:203]
WARNING: [VRFC 10-5021] port 'interrupt_ack' is not connected on this instance [G:/newCNNZ7/newCNNZ7/newCNNZ7.ip_user_files/bd/design_1/sim/design_1.v:233]
WARNING: [VRFC 10-5021] port 'peripheral_reset' is not connected on this instance [G:/newCNNZ7/newCNNZ7/newCNNZ7.ip_user_files/bd/design_1/sim/design_1.v:395]
WARNING: [VRFC 10-5021] port 'lmb_rst' is not connected on this instance [G:/newCNNZ7/newCNNZ7/newCNNZ7.ip_user_files/bd/design_1/sim/design_1.v:1296]
WARNING: [VRFC 10-5021] port 'lmb_rst' is not connected on this instance [G:/newCNNZ7/newCNNZ7/newCNNZ7.ip_user_files/bd/design_1/sim/design_1.v:1342]
WARNING: [VRFC 10-5021] port 'ENET0_GMII_RXD' is not connected on this instance [G:/newCNNZ7/newCNNZ7/newCNNZ7.ip_user_files/bd/design_1/ip/design_1_processing_system7_0_0/sim/design_1_processing_system7_0_0.v:103]
WARNING: [VRFC 10-3027] 'ocm_wr_strb_port0' was previously declared with a different range [/wrk/ci/prod/2021.1/sw/continuous/3932/packages/customer/vivado/data/ip/xilinx/processing_system7_vip_v1_0/hdl/processing_system7_vip_v1_0_vl_rfs.sv:3809]
WARNING: [VRFC 10-3705] select index 64 into 'wrp_strb' is out of bounds [/wrk/ci/prod/2021.1/sw/continuous/3932/packages/customer/vivado/data/ip/xilinx/processing_system7_vip_v1_0/hdl/processing_system7_vip_v1_0_vl_rfs.sv:6134]
WARNING: [VRFC 10-3705] select index 128 into 'wrp_strb' is out of bounds [/wrk/ci/prod/2021.1/sw/continuous/3932/packages/customer/vivado/data/ip/xilinx/processing_system7_vip_v1_0/hdl/processing_system7_vip_v1_0_vl_rfs.sv:10898]
WARNING: [VRFC 10-3705] select index 128 into 'wrp_strb' is out of bounds [/wrk/ci/prod/2021.1/sw/continuous/3932/packages/customer/vivado/data/ip/xilinx/processing_system7_vip_v1_0/hdl/processing_system7_vip_v1_0_vl_rfs.sv:7772]
WARNING: [VRFC 10-3705] select index 4 into 'wr_fifo_rd_ptr' is out of bounds [/wrk/ci/prod/2021.1/sw/continuous/3932/packages/customer/vivado/data/ip/xilinx/processing_system7_vip_v1_0/hdl/processing_system7_vip_v1_0_vl_rfs.sv:7985]
WARNING: [VRFC 10-3705] select index 4 into 'ar_cnt' is out of bounds [/wrk/ci/prod/2021.1/sw/continuous/3932/packages/customer/vivado/data/ip/xilinx/processing_system7_vip_v1_0/hdl/processing_system7_vip_v1_0_vl_rfs.sv:8124]
WARNING: [VRFC 10-3705] select index 4 into 'wr_rresp_cnt' is out of bounds [/wrk/ci/prod/2021.1/sw/continuous/3932/packages/customer/vivado/data/ip/xilinx/processing_system7_vip_v1_0/hdl/processing_system7_vip_v1_0_vl_rfs.sv:8221]
WARNING: [VRFC 10-3705] select index 4 into 'rd_fifo_wr_ptr' is out of bounds [/wrk/ci/prod/2021.1/sw/continuous/3932/packages/customer/vivado/data/ip/xilinx/processing_system7_vip_v1_0/hdl/processing_system7_vip_v1_0_vl_rfs.sv:8240]
WARNING: [VRFC 10-3705] select index 4 into 'rd_cnt' is out of bounds [/wrk/ci/prod/2021.1/sw/continuous/3932/packages/customer/vivado/data/ip/xilinx/processing_system7_vip_v1_0/hdl/processing_system7_vip_v1_0_vl_rfs.sv:8381]
WARNING: [VRFC 10-3705] select index 4 into 'rresp_time_cnt' is out of bounds [/wrk/ci/prod/2021.1/sw/continuous/3932/packages/customer/vivado/data/ip/xilinx/processing_system7_vip_v1_0/hdl/processing_system7_vip_v1_0_vl_rfs.sv:8386]
WARNING: [VRFC 10-3705] select index 4 into 'rd_fifo_rd_ptr' is out of bounds [/wrk/ci/prod/2021.1/sw/continuous/3932/packages/customer/vivado/data/ip/xilinx/processing_system7_vip_v1_0/hdl/processing_system7_vip_v1_0_vl_rfs.sv:8391]
Completed static elaboration
Starting simulation data flow analysis
Completed simulation data flow analysis
Time Resolution for simulation is 1ps
Compiling package std.standard
Compiling package std.textio
Compiling package ieee.std_logic_1164
Compiling package ieee.numeric_std
Compiling package mdm_v3_2_21.mdm_funcs
Compiling package ieee.std_logic_arith
Compiling package ieee.std_logic_unsigned
Compiling package axi_lite_ipif_v3_0_4.ipif_pkg
Compiling package unisim.vcomponents
Compiling package ieee.vital_timing
Compiling package ieee.vital_primitives
Compiling package unisim.vpkg
Compiling package synopsys.attributes
Compiling package ieee.std_logic_misc
Compiling package microblaze_v11_0_6.microblaze_types
Compiling package microblaze_v11_0_6.microblaze_isa
Compiling package microblaze_v11_0_6.mmu_types
Compiling package lmb_bram_if_cntlr_v4_0_19.lmb_bram_if_funcs
Compiling package xilinx_vip.axi_vip_pkg
Compiling package xilinx_vip.xil_common_vip_pkg
Compiling package std.std
Compiling module unisims_ver.IBUF
Compiling module unisims_ver.MMCME2_ADV(CLKFBOUT_MULT_F=18.25...
Compiling module unisims_ver.BUFG
Compiling module xil_defaultlib.design_1_clk_wiz_1_0_clk_wiz
Compiling module xil_defaultlib.design_1_clk_wiz_1_0
Compiling module xil_defaultlib.matrixLoadStore
Compiling module xil_defaultlib.resultStore
Compiling module xil_defaultlib.fifo_in
Compiling module xil_defaultlib.fifo_in_16
Compiling module xil_defaultlib.memBank
Compiling module xil_defaultlib.PriorArbiter
Compiling module xil_defaultlib.Pos2Bin
Compiling module xil_defaultlib.PriorMux
Compiling module xil_defaultlib.ArbiterPow2
Compiling module xil_defaultlib.HEArbiter
Compiling module xil_defaultlib.memSys
Compiling module xil_defaultlib.pipeFPUMul32
Compiling module xil_defaultlib.combFPUSub32
Compiling module xil_defaultlib.MACCNN
Compiling module xil_defaultlib.VectorMAC
Compiling module xil_defaultlib.FloatMax
Compiling module xil_defaultlib.VectorCompare
Compiling module xil_defaultlib.distinctReadWrite
Compiling module xil_defaultlib.CNNAccelerator
Compiling module xil_defaultlib.CNNAccelerator_v1_0_S00_AXI_defa...
Compiling module xil_defaultlib.CNNAccelerator_v1_0
Compiling module xil_defaultlib.design_1_cnnRandomMem_0_0
Compiling architecture bscane2_v of entity unisim.BSCANE2 [\BSCANE2(jtag_chain=2)(1,5)\]
Compiling architecture imp of entity mdm_v3_2_21.MB_BSCANE2 [\MB_BSCANE2(c_target=zynq,jtag_c...]
Compiling architecture lut1_v of entity unisim.LUT1 [\LUT1(init="10")(0,1)\]
Compiling architecture imp of entity mdm_v3_2_21.MB_LUT1 [\MB_LUT1(c_target=zynq,init="10"...]
Compiling architecture bufg_v of entity unisim.BUFG [bufg_default]
Compiling architecture imp of entity mdm_v3_2_21.MB_BUFG [\MB_BUFG(c_target=zynq)\]
Compiling architecture imp of entity axi_lite_ipif_v3_0_4.pselect_f [\pselect_f(c_ab=2,c_aw=2,c_bar="...]
Compiling architecture imp of entity axi_lite_ipif_v3_0_4.pselect_f [\pselect_f(c_ab=2,c_aw=2,c_bar="...]
Compiling architecture imp of entity axi_lite_ipif_v3_0_4.pselect_f [\pselect_f(c_ab=2,c_aw=2,c_bar="...]
Compiling architecture imp of entity axi_lite_ipif_v3_0_4.pselect_f [\pselect_f(c_ab=2,c_aw=2,c_bar="...]
Compiling architecture imp of entity axi_lite_ipif_v3_0_4.address_decoder [\address_decoder(c_bus_awidth=4,...]
Compiling architecture imp of entity axi_lite_ipif_v3_0_4.slave_attachment [\slave_attachment(c_ard_addr_ran...]
Compiling architecture imp of entity axi_lite_ipif_v3_0_4.axi_lite_ipif [\axi_lite_ipif(c_s_axi_addr_widt...]
Compiling architecture imp of entity mdm_v3_2_21.xil_scan_reset_control [xil_scan_reset_control_default]
Compiling architecture fdre_v of entity unisim.FDRE [fdre_default]
Compiling architecture imp of entity mdm_v3_2_21.MB_FDRE [\MB_FDRE(c_target=zynq)\]
Compiling architecture fdce_v of entity unisim.FDCE [fdce_default]
Compiling architecture fdc_1_v of entity unisim.FDC_1 [fdc_1_default]
Compiling architecture imp of entity mdm_v3_2_21.MB_FDC_1 [\MB_FDC_1(c_target=zynq)\]
Compiling architecture fdre_1_v of entity unisim.FDRE_1 [fdre_1_default]
Compiling architecture imp of entity mdm_v3_2_21.MB_FDRE_1 [\MB_FDRE_1(c_target=zynq)\]
Compiling architecture srl16e_v of entity unisim.SRL16E [\SRL16E(init="0000000101100111")...]
Compiling architecture imp of entity mdm_v3_2_21.MB_SRL16E [\MB_SRL16E(c_target=zynq,c_stati...]
Compiling architecture srl16e_v of entity unisim.SRL16E [\SRL16E(init="0100001010100111")...]
Compiling architecture imp of entity mdm_v3_2_21.MB_SRL16E [\MB_SRL16E(c_target=zynq,c_stati...]
Compiling architecture srl16e_v of entity unisim.SRL16E [\SRL16E(init="0100010001000011")...]
Compiling architecture imp of entity mdm_v3_2_21.MB_SRL16E [\MB_SRL16E(c_target=zynq,c_stati...]
Compiling architecture srl16e_v of entity unisim.SRL16E [\SRL16E(init="0101100001001101")...]
Compiling architecture imp of entity mdm_v3_2_21.MB_SRL16E [\MB_SRL16E(c_target=zynq,c_stati...]
Compiling architecture lut4_v of entity unisim.LUT4 [\LUT4(init="1111111111001010")(0...]
Compiling architecture fdrse_v of entity unisim.FDRSE [fdrse_default]
Compiling architecture imp of entity mdm_v3_2_21.MB_FDRSE [\MB_FDRSE(c_target=zynq)\]
Compiling architecture muxcy_v of entity unisim.MUXCY [muxcy_default]
Compiling architecture muxcy_l_v of entity unisim.MUXCY_L [muxcy_l_default]
Compiling architecture xorcy_v of entity unisim.XORCY [xorcy_default]
Compiling architecture imp of entity mdm_v3_2_21.MB_MUXCY_XORCY [\MB_MUXCY_XORCY(c_target=zynq)\]
Compiling architecture imp of entity mdm_v3_2_21.MB_XORCY [\MB_XORCY(c_target=zynq)\]
Compiling architecture srl16e_v of entity unisim.SRL16E [\SRL16E(0,15)\]
Compiling architecture imp of entity mdm_v3_2_21.MB_SRL16E [\MB_SRL16E(c_target=zynq)(1,3)(0...]
Compiling architecture imp of entity mdm_v3_2_21.SRL_FIFO [\SRL_FIFO(c_target=zynq)(1,3)\]
Compiling architecture imp of entity mdm_v3_2_21.JTAG_CONTROL [\JTAG_CONTROL(c_target=zynq,c_us...]
Compiling architecture imp of entity mdm_v3_2_21.MDM_Core [\MDM_Core(c_target=zynq,c_jtag_c...]
Compiling architecture imp of entity mdm_v3_2_21.MDM [\MDM(c_family="zynq",c_bscanid=7...]
Compiling architecture design_1_mdm_1_0_arch of entity xil_defaultlib.design_1_mdm_1_0 [design_1_mdm_1_0_default]
Compiling architecture imp of entity microblaze_v11_0_6.DAXI_interface [\DAXI_interface(c_data_size=32,c...]
Compiling architecture and2b1l_v of entity unisim.AND2B1L [and2b1l_default]
Compiling architecture imp of entity microblaze_v11_0_6.MB_AND2B1L [\MB_AND2B1L(c_target=zynq)\]
Compiling architecture srl16e_v of entity unisim.SRL16E [\SRL16E(init="1111111111111111")...]
Compiling architecture imp of entity microblaze_v11_0_6.MB_SRL16E [\MB_SRL16E(c_target=zynq,c_use_s...]
Compiling architecture srl16e_v of entity unisim.SRL16E [\SRL16E(init="0011111111111111")...]
Compiling architecture imp of entity microblaze_v11_0_6.MB_SRL16E [\MB_SRL16E(c_target=zynq,c_use_s...]
Compiling architecture srl16e_v of entity unisim.SRL16E [\SRL16E(init="0000000000011011")...]
Compiling architecture imp of entity microblaze_v11_0_6.MB_SRL16E [\MB_SRL16E(c_target=zynq,c_use_s...]
Compiling architecture srl16e_v of entity unisim.SRL16E [\SRL16E(15,0)\]
Compiling architecture imp of entity microblaze_v11_0_6.MB_SRL16E [\MB_SRL16E(c_target=zynq,c_use_s...]
Compiling architecture srl16e_v of entity unisim.SRL16E [\SRL16E(init="0000000001100100")...]
Compiling architecture imp of entity microblaze_v11_0_6.MB_SRL16E [\MB_SRL16E(c_target=zynq,c_use_s...]
Compiling architecture srl16e_v of entity unisim.SRL16E [\SRL16E(init="0010010100000000")...]
Compiling architecture imp of entity microblaze_v11_0_6.MB_SRL16E [\MB_SRL16E(c_target=zynq,c_use_s...]
Compiling architecture imp of entity microblaze_v11_0_6.mb_sync_bit [\mb_sync_bit(c_levels=1,c_reset_...]
Compiling architecture imp of entity microblaze_v11_0_6.mb_sync_vec [\mb_sync_vec(c_levels=1,c_reset_...]
Compiling architecture imp of entity microblaze_v11_0_6.mb_sync_bit [\mb_sync_bit(c_levels=1)\]
Compiling architecture imp of entity microblaze_v11_0_6.mb_sync_vec [\mb_sync_vec(c_width=10)\]
Compiling architecture srlc16e_v of entity unisim.SRLC16E [\SRLC16E(0,15)\]
Compiling architecture imp of entity microblaze_v11_0_6.MB_SRLC16E [\MB_SRLC16E(c_target=zynq,c_use_...]
Compiling architecture imp of entity microblaze_v11_0_6.address_hit [\address_hit(c_target=zynq,c_use...]
Compiling architecture imp of entity microblaze_v11_0_6.xil_scan_reset_control [xil_scan_reset_control_default]
Compiling architecture imp of entity microblaze_v11_0_6.Debug [\Debug(c_data_size=32,c_instr_si...]
Compiling architecture imp of entity microblaze_v11_0_6.interrupt_mode_converter [\interrupt_mode_converter(c_edge...]
Compiling architecture lut6_v of entity unisim.LUT6 [\LUT6(init="10010000000010010000...]
Compiling architecture imp of entity microblaze_v11_0_6.MB_LUT6 [\MB_LUT6(c_target=zynq,init="100...]
Compiling architecture lut6_v of entity unisim.LUT6 [\LUT6(init="10010000000010010000...]
Compiling architecture imp of entity microblaze_v11_0_6.MB_LUT6 [\MB_LUT6(c_target=zynq,init="100...]
Compiling architecture imp of entity microblaze_v11_0_6.MB_FDRE [\MB_FDRE(c_target=zynq)\]
Compiling architecture imp of entity microblaze_v11_0_6.MB_MUXCY_XORCY [\MB_MUXCY_XORCY(c_target=zynq)\]
Compiling architecture muxf7_v of entity unisim.MUXF7 [muxf7_default]
Compiling architecture imp of entity microblaze_v11_0_6.MB_MUXF7 [\MB_MUXF7(c_target=zynq)\]
Compiling architecture fdr_v of entity unisim.FDR [fdr_default]
Compiling architecture imp of entity microblaze_v11_0_6.MB_FDR [\MB_FDR(c_target=zynq)\]
Compiling architecture imp of entity microblaze_v11_0_6.PC_Module_gti [\PC_Module_gti(c_data_size=32,c_...]
Compiling architecture lut6_v of entity unisim.LUT6 [\LUT6(init="00000000000000000000...]
Compiling architecture imp of entity microblaze_v11_0_6.MB_LUT6 [\MB_LUT6(c_target=zynq,init="000...]
Compiling architecture lut6_v of entity unisim.LUT6 [\LUT6(init="00000000000000001111...]
Compiling architecture imp of entity microblaze_v11_0_6.MB_LUT6 [\MB_LUT6(c_target=zynq,init="000...]
Compiling architecture lut6_v of entity unisim.LUT6 [\LUT6(init="11111111000000001111...]
Compiling architecture imp of entity microblaze_v11_0_6.MB_LUT6 [\MB_LUT6(c_target=zynq,init="111...]
Compiling architecture fdse_v of entity unisim.FDSE [fdse_default]
Compiling architecture fds_v of entity unisim.FDS [fds_default]
Compiling architecture imp of entity microblaze_v11_0_6.MB_FDS [\MB_FDS(c_target=zynq)\]
Compiling architecture lut6_v of entity unisim.LUT6 [\LUT6(init="00000000111111110000...]
Compiling architecture imp of entity microblaze_v11_0_6.MB_LUT6 [\MB_LUT6(c_target=zynq,init="000...]
Compiling architecture imp of entity microblaze_v11_0_6.PreFetch_Buffer_gti [\PreFetch_Buffer_gti(c_instr_siz...]
Compiling architecture imp of entity microblaze_v11_0_6.MB_MUXCY [\MB_MUXCY(c_target=zynq)\]
Compiling architecture imp of entity microblaze_v11_0_6.carry_and [\carry_and(c_target=zynq)\]
Compiling architecture imp of entity microblaze_v11_0_6.jump_logic [\jump_logic(c_instr_size=32,c_ta...]
Compiling architecture imp of entity microblaze_v11_0_6.carry_or [\carry_or(c_target=zynq)\]
Compiling architecture imp of entity microblaze_v11_0_6.Decode_gti [\Decode_gti(c_data_size=32,c_ins...]
Compiling architecture lut6_2_v of entity unisim.LUT6_2 [\LUT6_2(init="000000001111111100...]
Compiling architecture imp of entity microblaze_v11_0_6.MB_LUT6_2 [\MB_LUT6_2(c_target=zynq,init="0...]
Compiling architecture ram32m_v of entity unisim.RAM32M [ram32m_default]
Compiling architecture imp of entity microblaze_v11_0_6.MB_RAM32M [\MB_RAM32M(c_target=zynq,c_use_l...]
Compiling architecture imp of entity microblaze_v11_0_6.Register_File_gti [\Register_File_gti(c_data_size=3...]
Compiling architecture imp of entity microblaze_v11_0_6.Operand_Select_gti [\Operand_Select_gti(c_data_size=...]
Compiling architecture lut6_2_v of entity unisim.LUT6_2 [\LUT6_2(init="011000000111101010...]
Compiling architecture imp of entity microblaze_v11_0_6.MB_LUT6_2 [\MB_LUT6_2(c_target=zynq,init="0...]
Compiling architecture imp of entity microblaze_v11_0_6.ALU_Bit [\ALU_Bit(c_target=zynq,c_allow_l...]
Compiling architecture lut6_v of entity unisim.LUT6 [\LUT6(init="01100000011110101010...]
Compiling architecture imp of entity microblaze_v11_0_6.MB_LUT6 [\MB_LUT6(c_target=zynq,init="011...]
Compiling architecture lut4_v of entity unisim.LUT4 [\LUT4(init="1111101000001010")(0...]
Compiling architecture imp of entity microblaze_v11_0_6.MB_LUT4 [\MB_LUT4(c_target=zynq,init="111...]
Compiling architecture lut2_v of entity unisim.LUT2 [\LUT2(init="1000")(0,3)\]
Compiling architecture mult_and_v of entity unisim.MULT_AND [mult_and_default]
Compiling architecture imp of entity microblaze_v11_0_6.MB_MULT_AND [\MB_MULT_AND(c_target=zynq)\]
Compiling architecture imp of entity microblaze_v11_0_6.ALU_Bit [\ALU_Bit(c_target=zynq,c_allow_l...]
Compiling architecture imp of entity microblaze_v11_0_6.ALU [\ALU(c_data_size=32,c_allow_lut6...]
Compiling architecture imp of entity microblaze_v11_0_6.MB_LUT6 [\MB_LUT6(c_target=rtl,init="1100...]
Compiling architecture imp of entity microblaze_v11_0_6.MB_LUT6 [\MB_LUT6(c_target=rtl,init="1100...]
Compiling architecture imp of entity microblaze_v11_0_6.MB_LUT6 [\MB_LUT6(c_target=rtl,init="1100...]
Compiling architecture imp of entity microblaze_v11_0_6.Shift_Logic_Module_gti [\Shift_Logic_Module_gti(c_data_s...]
Compiling architecture imp of entity microblaze_v11_0_6.mul_unit [\mul_unit(c_data_size=32,c_targe...]
Compiling architecture imp of entity microblaze_v11_0_6.Barrel_Shifter_gti [\Barrel_Shifter_gti(c_data_size=...]
Compiling architecture imp of entity microblaze_v11_0_6.WB_Mux_Bit [\WB_Mux_Bit(c_target=zynq,c_lut_...]
Compiling architecture imp of entity microblaze_v11_0_6.WB_Mux [\WB_Mux(c_data_size=32,c_daddr_s...]
Compiling architecture imp of entity microblaze_v11_0_6.Zero_Detect_gti [\Zero_Detect_gti(c_data_size=32,...]
Compiling architecture imp of entity microblaze_v11_0_6.Byte_Doublet_Handle_gti [\Byte_Doublet_Handle_gti(c_data_...]
Compiling architecture imp of entity microblaze_v11_0_6.Data_Flow_Logic [\Data_Flow_Logic(c_data_size=32,...]
Compiling architecture msr_reg of entity microblaze_v11_0_6.msr_reg_gti [\msr_reg_gti(c_data_size=32,c_ta...]
Compiling architecture lut6_2_v of entity unisim.LUT6_2 [\LUT6_2(init="111111110000000011...]
Compiling architecture imp of entity microblaze_v11_0_6.MB_LUT6_2 [\MB_LUT6_2(c_target=zynq,init="1...]
Compiling architecture imp of entity microblaze_v11_0_6.mux_bus [\mux_bus(c_target=zynq,c_allow_l...]
Compiling architecture lut6_2_v of entity unisim.LUT6_2 [\LUT6_2(init="100101101001011010...]
Compiling architecture imp of entity microblaze_v11_0_6.MB_LUT6_2 [\MB_LUT6_2(c_target=zynq,init="1...]
Compiling architecture imp of entity microblaze_v11_0_6.exception_registers_gti [\exception_registers_gti(c_data_...]
Compiling architecture imp of entity microblaze_v11_0_6.Fpu [\Fpu(c_data_size=32,c_target=zyn...]
Compiling architecture imp of entity microblaze_v11_0_6.PVR [\PVR(c_data_size=32,c_daddr_size...]
Compiling architecture imp of entity microblaze_v11_0_6.Data_Flow_gti [\Data_Flow_gti(c_data_size=32,c_...]
Compiling architecture imp of entity microblaze_v11_0_6.read_data_mux [\read_data_mux(c_data_size=32,c_...]
Compiling architecture imp of entity microblaze_v11_0_6.instr_mux [\instr_mux(c_instr_size=32,c_tar...]
Compiling architecture imp of entity microblaze_v11_0_6.MMU [\MMU(c_data_size=32,c_daddr_size...]
Compiling architecture imp of entity microblaze_v11_0_6.MicroBlaze_GTi [\MicroBlaze_GTi(c_num_sync_ff_cl...]
Compiling architecture imp of entity microblaze_v11_0_6.mb_sync_bit [mb_sync_bit_default]
Compiling architecture imp of entity microblaze_v11_0_6.MicroBlaze_Core [\MicroBlaze_Core(c_freq=25000000...]
Compiling architecture imp of entity microblaze_v11_0_6.MicroBlaze [\MicroBlaze(c_freq=25000000,c_en...]
Compiling architecture design_1_microblaze_0_0_arch of entity xil_defaultlib.design_1_microblaze_0_0 [design_1_microblaze_0_0_default]
Compiling module xil_defaultlib.m00_couplers_imp_8RVYHO
Compiling module xil_defaultlib.m01_couplers_imp_1UTB3Y5
Compiling module xil_defaultlib.s00_couplers_imp_1RZP34U
Compiling module axi_crossbar_v2_1_25.axi_crossbar_v2_1_25_addr_arbite...
Compiling module generic_baseblocks_v2_1_0.generic_baseblocks_v2_1_0_carry_...
Compiling module generic_baseblocks_v2_1_0.generic_baseblocks_v2_1_0_compar...
Compiling module generic_baseblocks_v2_1_0.generic_baseblocks_v2_1_0_compar...
Compiling module axi_crossbar_v2_1_25.axi_crossbar_v2_1_25_addr_decode...
Compiling module axi_crossbar_v2_1_25.axi_crossbar_v2_1_25_splitter(C_...
Compiling module axi_crossbar_v2_1_25.axi_crossbar_v2_1_25_splitter
Compiling module generic_baseblocks_v2_1_0.generic_baseblocks_v2_1_0_mux_en...
Compiling module generic_baseblocks_v2_1_0.generic_baseblocks_v2_1_0_mux_en...
Compiling module generic_baseblocks_v2_1_0.generic_baseblocks_v2_1_0_mux_en...
Compiling module axi_register_slice_v2_1_24.axi_register_slice_v2_1_24_axic_...
Compiling module generic_baseblocks_v2_1_0.generic_baseblocks_v2_1_0_mux_en...
Compiling module axi_crossbar_v2_1_25.axi_crossbar_v2_1_25_decerr_slav...
Compiling module axi_crossbar_v2_1_25.axi_crossbar_v2_1_25_crossbar_sa...
Compiling module axi_crossbar_v2_1_25.axi_crossbar_v2_1_25_axi_crossba...
Compiling module xil_defaultlib.design_1_xbar_0
Compiling module xil_defaultlib.design_1_microblaze_0_axi_periph...
Compiling architecture imp of entity lmb_bram_if_cntlr_v4_0_19.pselect_mask [\pselect_mask(c_bar="00000000000...]
Compiling architecture imp of entity lmb_bram_if_cntlr_v4_0_19.lmb_mux [\lmb_mux(c_target=zynq,c_baseadd...]
Compiling architecture imp of entity lmb_bram_if_cntlr_v4_0_19.lmb_bram_if_cntlr [\lmb_bram_if_cntlr(c_family="zyn...]
Compiling architecture design_1_dlmb_bram_if_cntlr_0_arch of entity xil_defaultlib.design_1_dlmb_bram_if_cntlr_0 [design_1_dlmb_bram_if_cntlr_0_de...]
Compiling architecture imp of entity lmb_v10_v3_0_11.lmb_v10 [\lmb_v10(c_lmb_num_slaves=1)\]
Compiling architecture design_1_dlmb_v10_0_arch of entity xil_defaultlib.design_1_dlmb_v10_0 [design_1_dlmb_v10_0_default]
Compiling architecture imp of entity lmb_bram_if_cntlr_v4_0_19.pselect_mask [\pselect_mask(c_bar="00000000000...]
Compiling architecture imp of entity lmb_bram_if_cntlr_v4_0_19.lmb_mux [\lmb_mux(c_target=zynq,c_baseadd...]
Compiling architecture imp of entity lmb_bram_if_cntlr_v4_0_19.lmb_bram_if_cntlr [\lmb_bram_if_cntlr(c_family="zyn...]
Compiling architecture design_1_ilmb_bram_if_cntlr_0_arch of entity xil_defaultlib.design_1_ilmb_bram_if_cntlr_0 [design_1_ilmb_bram_if_cntlr_0_de...]
Compiling architecture design_1_ilmb_v10_0_arch of entity xil_defaultlib.design_1_ilmb_v10_0 [design_1_ilmb_v10_0_default]
Compiling module blk_mem_gen_v8_4_4.blk_mem_gen_v8_4_4_output_stage(...
Compiling module blk_mem_gen_v8_4_4.blk_mem_gen_v8_4_4_softecc_outpu...
Compiling module blk_mem_gen_v8_4_4.blk_mem_gen_v8_4_4_mem_module(C_...
Compiling module blk_mem_gen_v8_4_4.blk_mem_gen_v8_4_4(C_FAMILY="zyn...
Compiling module xil_defaultlib.design_1_lmb_bram_0
Compiling module xil_defaultlib.microblaze_0_local_memory_imp_1K...
Compiling module processing_system7_vip_v1_0_12.processing_system7_vip_v1_0_12_g...
Compiling module processing_system7_vip_v1_0_12.processing_system7_vip_v1_0_12_g...
Compiling module processing_system7_vip_v1_0_12.processing_system7_vip_v1_0_12_a...
Compiling module processing_system7_vip_v1_0_12.processing_system7_vip_v1_0_12_a...
Compiling module processing_system7_vip_v1_0_12.processing_system7_vip_v1_0_12_f...
Compiling module processing_system7_vip_v1_0_12.processing_system7_vip_v1_0_12_a...
Compiling module processing_system7_vip_v1_0_12.processing_system7_vip_v1_0_12_a...
Compiling module processing_system7_vip_v1_0_12.processing_system7_vip_v1_0_12_a...
Compiling module processing_system7_vip_v1_0_12.processing_system7_vip_v1_0_12_a...
Compiling module processing_system7_vip_v1_0_12.processing_system7_vip_v1_0_12_s...
Compiling module processing_system7_vip_v1_0_12.processing_system7_vip_v1_0_12_i...
Compiling module processing_system7_vip_v1_0_12.processing_system7_vip_v1_0_12_s...
Compiling module processing_system7_vip_v1_0_12.processing_system7_vip_v1_0_12_d...
Compiling module processing_system7_vip_v1_0_12.processing_system7_vip_v1_0_12_o...
Compiling module processing_system7_vip_v1_0_12.processing_system7_vip_v1_0_12_o...
Compiling module processing_system7_vip_v1_0_12.processing_system7_vip_v1_0_12_r...
Compiling module processing_system7_vip_v1_0_12.processing_system7_vip_v1_0_12_r...
Compiling module xilinx_vip.axi_vip_axi4pc(WDATA_WIDTH=32,RD...
Compiling module xilinx_vip.cb
Compiling module xilinx_vip.axi_vip_if(C_AXI_PROTOCOL=1,C_AX...
Compiling module axi_vip_v1_1_10.axi_vip_v1_1_10_top(C_AXI_PROTOC...
Compiling module processing_system7_vip_v1_0_12.processing_system7_vip_v1_0_12_a...
Compiling module processing_system7_vip_v1_0_12.processing_system7_vip_v1_0_12_a...
Compiling module xilinx_vip.axi_vip_axi4pc(WDATA_WIDTH=32,RD...
Compiling module xilinx_vip.cb
Compiling module xilinx_vip.axi_vip_if(C_AXI_PROTOCOL=1,C_AX...
Compiling module axi_vip_v1_1_10.axi_vip_v1_1_10_top(C_AXI_PROTOC...
WARNING: [VRFC 10-3705] select index 64 into 'wrp_strb' is out of bounds [/wrk/ci/prod/2021.1/sw/continuous/3932/packages/customer/vivado/data/ip/xilinx/processing_system7_vip_v1_0/hdl/processing_system7_vip_v1_0_vl_rfs.sv:6134]
Compiling module processing_system7_vip_v1_0_12.processing_system7_vip_v1_0_12_a...
Compiling module processing_system7_vip_v1_0_12.processing_system7_vip_v1_0_12_a...
Compiling module xilinx_vip.axi_vip_axi4pc(PROTOCOL=1,RID_WI...
Compiling module xilinx_vip.cb
Compiling module xilinx_vip.axi_vip_if(C_AXI_PROTOCOL=1,C_AX...
Compiling module axi_vip_v1_1_10.axi_vip_v1_1_10_top(C_AXI_PROTOC...
Compiling module processing_system7_vip_v1_0_12.processing_system7_vip_v1_0_12_i...
WARNING: [VRFC 10-3705] select index 128 into 'wrp_strb' is out of bounds [/wrk/ci/prod/2021.1/sw/continuous/3932/packages/customer/vivado/data/ip/xilinx/processing_system7_vip_v1_0/hdl/processing_system7_vip_v1_0_vl_rfs.sv:10898]
Compiling module processing_system7_vip_v1_0_12.processing_system7_vip_v1_0_12_a...
Compiling module processing_system7_vip_v1_0_12.processing_system7_vip_v1_0_12_a...
Compiling module processing_system7_vip_v1_0_12.processing_system7_vip_v1_0_12_a...
Compiling module processing_system7_vip_v1_0_12.processing_system7_vip_v1_0_12_a...
Compiling module xilinx_vip.axi_vip_axi4pc(PROTOCOL=1,RID_WI...
Compiling module xilinx_vip.cb
Compiling module xilinx_vip.axi_vip_if(C_AXI_PROTOCOL=1,C_AX...
Compiling module axi_vip_v1_1_10.axi_vip_v1_1_10_top(C_AXI_PROTOC...
WARNING: [VRFC 10-3705] select index 128 into 'wrp_strb' is out of bounds [/wrk/ci/prod/2021.1/sw/continuous/3932/packages/customer/vivado/data/ip/xilinx/processing_system7_vip_v1_0/hdl/processing_system7_vip_v1_0_vl_rfs.sv:7772]
WARNING: [VRFC 10-3705] select index 4 into 'wr_fifo_rd_ptr' is out of bounds [/wrk/ci/prod/2021.1/sw/continuous/3932/packages/customer/vivado/data/ip/xilinx/processing_system7_vip_v1_0/hdl/processing_system7_vip_v1_0_vl_rfs.sv:7985]
WARNING: [VRFC 10-3705] select index 4 into 'ar_cnt' is out of bounds [/wrk/ci/prod/2021.1/sw/continuous/3932/packages/customer/vivado/data/ip/xilinx/processing_system7_vip_v1_0/hdl/processing_system7_vip_v1_0_vl_rfs.sv:8124]
WARNING: [VRFC 10-3705] select index 4 into 'wr_rresp_cnt' is out of bounds [/wrk/ci/prod/2021.1/sw/continuous/3932/packages/customer/vivado/data/ip/xilinx/processing_system7_vip_v1_0/hdl/processing_system7_vip_v1_0_vl_rfs.sv:8221]
WARNING: [VRFC 10-3705] select index 4 into 'rd_fifo_wr_ptr' is out of bounds [/wrk/ci/prod/2021.1/sw/continuous/3932/packages/customer/vivado/data/ip/xilinx/processing_system7_vip_v1_0/hdl/processing_system7_vip_v1_0_vl_rfs.sv:8240]
WARNING: [VRFC 10-3705] select index 4 into 'rd_cnt' is out of bounds [/wrk/ci/prod/2021.1/sw/continuous/3932/packages/customer/vivado/data/ip/xilinx/processing_system7_vip_v1_0/hdl/processing_system7_vip_v1_0_vl_rfs.sv:8381]
WARNING: [VRFC 10-3705] select index 4 into 'rresp_time_cnt' is out of bounds [/wrk/ci/prod/2021.1/sw/continuous/3932/packages/customer/vivado/data/ip/xilinx/processing_system7_vip_v1_0/hdl/processing_system7_vip_v1_0_vl_rfs.sv:8386]
WARNING: [VRFC 10-3705] select index 4 into 'rd_fifo_rd_ptr' is out of bounds [/wrk/ci/prod/2021.1/sw/continuous/3932/packages/customer/vivado/data/ip/xilinx/processing_system7_vip_v1_0/hdl/processing_system7_vip_v1_0_vl_rfs.sv:8391]
Compiling module processing_system7_vip_v1_0_12.processing_system7_vip_v1_0_12_a...
Compiling module processing_system7_vip_v1_0_12.processing_system7_vip_v1_0_12(C...
Compiling module xil_defaultlib.design_1_processing_system7_0_0
Compiling architecture fdre_v of entity unisim.FDRE [\FDRE(init='1')\]
Compiling architecture implementation of entity lib_cdc_v1_0_2.cdc_sync [\cdc_sync(c_vector_width=2,c_mtb...]
Compiling architecture srl16e_v of entity unisim.SRL16E [\SRL16E(init="1111111111111111")...]
Compiling architecture srl16_v of entity unisim.SRL16 [\SRL16(init="1111111111111111")(...]
Compiling architecture imp of entity proc_sys_reset_v5_0_13.lpf [\lpf(c_ext_rst_width=4,c_aux_rst...]
Compiling architecture imp of entity proc_sys_reset_v5_0_13.upcnt_n [\upcnt_n(c_size=6)\]
Compiling architecture imp of entity proc_sys_reset_v5_0_13.sequence_psr [sequence_psr_default]
Compiling architecture imp of entity proc_sys_reset_v5_0_13.proc_sys_reset [\proc_sys_reset(c_family="zynq",...]
Compiling architecture design_1_rst_clk_wiz_1_100m_0_arch of entity xil_defaultlib.design_1_rst_clk_wiz_1_100M_0 [design_1_rst_clk_wiz_1_100m_0_de...]
Compiling module xil_defaultlib.design_1
Compiling module xil_defaultlib.design_1_wrapper
Compiling module xil_defaultlib.topsim
Compiling module xil_defaultlib.glbl
Built simulation snapshot topsim_behav
